<?xml version="1.0" encoding="UTF-8"?>
<testng-results skipped="0" failed="0" total="1" passed="1">
  <reporter-output>
  </reporter-output>
  <suite name="Default suite" duration-ms="7160" started-at="2020-01-30T06:46:43Z" finished-at="2020-01-30T06:46:50Z">
    <groups>
    </groups>
    <test name="Default test" duration-ms="7160" started-at="2020-01-30T06:46:43Z" finished-at="2020-01-30T06:46:50Z">
      <class name="com.rest.api.put.PUTapi">
        <test-method status="PASS" signature="postAPI_2()[pri:0, instance:com.rest.api.put.PUTapi@1b604f19]" name="postAPI_2" duration-ms="7149" started-at="2020-01-30T12:16:43Z" finished-at="2020-01-30T12:16:50Z">
          <reporter-output>
          </reporter-output>
        </test-method> <!-- postAPI_2 -->
      </class> <!-- com.rest.api.put.PUTapi -->
    </test> <!-- Default test -->
  </suite> <!-- Default suite -->
</testng-results>
